2018-04-03 14:44:39 INFO  SignIn:35 - clicking on sign in link
2018-04-03 14:44:42 INFO  SignIn:58 - entering email addredd to all ready registered user text box
2018-04-03 14:48:38 INFO  SignIn:35 - clicking on sign in link
2018-04-03 14:48:46 INFO  SignIn:59 - entering email addredd to all ready registered user text box
2018-04-03 14:49:58 INFO  SignIn:35 - clicking on sign in link
2018-04-03 14:50:01 INFO  SignIn:60 - entering email addredd to all ready registered user text box
2018-04-03 14:52:43 INFO  SignIn:35 - clicking on sign in link
2018-04-03 14:52:53 INFO  SignIn:60 - entering email addredd to all ready registered user text box
2018-04-03 14:55:01 INFO  SignIn:35 - clicking on sign in link
2018-04-03 14:55:10 INFO  SignIn:60 - entering email addredd to all ready registered user text box
2018-04-03 14:57:33 INFO  SignIn:35 - clicking on sign in link
2018-04-03 15:00:47 INFO  SignIn:35 - clicking on sign in link
2018-04-03 15:01:06 INFO  SignIn:60 - entering email addredd to all ready registered user text box
2018-04-03 15:02:30 INFO  SignIn:35 - clicking on sign in link
2018-04-03 15:02:48 INFO  SignIn:55 - entering email address to create an account
2018-04-03 15:02:51 INFO  SignIn:35 - clicking on sign in link
2018-04-03 15:02:58 INFO  SignIn:55 - entering email address to create an account
2018-04-04 12:09:08 INFO  SignIn:62 - entering email addredd to all ready registered user text box
2018-04-04 12:36:02 INFO  SignIn:62 - entering email addredd to all ready registered user text box
2018-04-06 14:04:32 INFO  SignIn:65 - entering email addredd to all ready registered user text box
2018-04-09 14:20:13 INFO  SignIn:49 - entering email addredd to all ready registered user text box
2018-04-09 18:03:33 INFO  SignIn:49 - entering email addredd to all ready registered user text box
2018-04-09 18:03:33 INFO  SignIn:60 - enterign password to password text box
2018-04-09 18:03:33 INFO  SignIn:55 - clicking on sign in button
2018-04-10 14:09:15 INFO  SignIn:49 - entering email addredd to all ready registered user text box
2018-04-10 14:09:15 INFO  SignIn:60 - enterign password to password text box
2018-04-10 14:09:15 INFO  SignIn:55 - clicking on sign in button
2018-04-10 14:25:04 INFO  SignIn:49 - entering email addredd to all ready registered user text box
2018-04-10 14:25:04 INFO  SignIn:60 - enterign password to password text box
2018-04-10 14:25:04 INFO  SignIn:55 - clicking on sign in button
2018-04-10 14:30:17 INFO  SignIn:49 - entering email addredd to all ready registered user text box
2018-04-10 14:30:18 INFO  SignIn:62 - enterign password to password text box
2018-04-10 14:30:18 INFO  SignIn:56 - clicking on sign in button
2018-04-10 14:57:54 INFO  SignIn:49 - entering email addredd to all ready registered user text box
2018-04-10 14:57:54 INFO  SignIn:63 - enterign password to password text box
2018-04-10 14:57:54 INFO  SignIn:56 - clicking on sign in button
2018-04-11 14:49:00 INFO  SignIn:49 - entering email addredd to all ready registered user text box
2018-04-11 14:49:00 INFO  SignIn:63 - enterign password to password text box
2018-04-11 14:49:00 INFO  SignIn:56 - clicking on sign in button
2018-04-11 14:56:10 INFO  SignIn:49 - entering email addredd to all ready registered user text box
2018-04-11 14:56:10 INFO  SignIn:63 - enterign password to password text box
2018-04-11 14:56:10 INFO  SignIn:56 - clicking on sign in button
2018-04-11 16:04:27 INFO  SignIn:49 - entering email addredd to all ready registered user text box
2018-04-11 16:04:27 INFO  SignIn:63 - enterign password to password text box
2018-04-11 16:04:27 INFO  SignIn:56 - clicking on sign in button
2018-04-11 17:20:18 INFO  SignIn:49 - entering email addredd to all ready registered user text box
2018-04-11 17:20:18 INFO  SignIn:63 - enterign password to password text box
2018-04-11 17:20:18 INFO  SignIn:56 - clicking on sign in button
2018-04-12 18:09:37 INFO  SignIn:49 - entering email addredd to all ready registered user text box
2018-04-12 18:09:37 INFO  SignIn:63 - enterign password to password text box
2018-04-12 18:09:37 INFO  SignIn:56 - clicking on sign in button
2018-04-12 18:10:01 INFO  SignIn:49 - entering email addredd to all ready registered user text box
2018-04-12 18:10:01 INFO  SignIn:63 - enterign password to password text box
2018-04-12 18:10:01 INFO  SignIn:56 - clicking on sign in button
2018-04-12 18:10:25 INFO  SignIn:49 - entering email addredd to all ready registered user text box
2018-04-12 18:10:25 INFO  SignIn:63 - enterign password to password text box
2018-04-12 18:10:25 INFO  SignIn:56 - clicking on sign in button
2018-04-12 18:10:46 INFO  SignIn:49 - entering email addredd to all ready registered user text box
2018-04-12 18:10:46 INFO  SignIn:63 - enterign password to password text box
2018-04-12 18:10:46 INFO  SignIn:56 - clicking on sign in button
2018-04-12 18:11:07 INFO  SignIn:49 - entering email addredd to all ready registered user text box
2018-04-12 18:11:07 INFO  SignIn:63 - enterign password to password text box
2018-04-12 18:11:07 INFO  SignIn:56 - clicking on sign in button
2018-04-12 18:15:14 INFO  SignIn:49 - entering email addredd to all ready registered user text box
2018-04-12 18:15:15 INFO  SignIn:63 - enterign password to password text box
2018-04-12 18:15:15 INFO  SignIn:56 - clicking on sign in button
2018-04-12 18:24:03 INFO  SignIn:49 - entering email addredd to all ready registered user text box
2018-04-12 18:24:03 INFO  SignIn:63 - enterign password to password text box
2018-04-12 18:24:03 INFO  SignIn:56 - clicking on sign in button
2018-04-12 18:24:27 INFO  SignIn:49 - entering email addredd to all ready registered user text box
2018-04-12 18:24:27 INFO  SignIn:63 - enterign password to password text box
2018-04-12 18:24:27 INFO  SignIn:56 - clicking on sign in button
2018-04-12 18:25:06 INFO  SignIn:49 - entering email addredd to all ready registered user text box
2018-04-12 18:25:06 INFO  SignIn:63 - enterign password to password text box
2018-04-12 18:25:06 INFO  SignIn:56 - clicking on sign in button
2018-04-13 14:22:18 INFO  SignIn:49 - entering email addredd to all ready registered user text box
2018-04-13 14:22:18 INFO  SignIn:63 - enterign password to password text box
2018-04-13 14:22:18 INFO  SignIn:56 - clicking on sign in button
2018-04-13 16:35:15 INFO  SignIn:49 - entering email addredd to all ready registered user text box
2018-04-13 16:35:16 INFO  SignIn:63 - enterign password to password text box
2018-04-13 16:35:16 INFO  SignIn:56 - clicking on sign in button
2018-04-13 19:28:37 INFO  SignIn:49 - entering email addredd to all ready registered user text box
2018-04-13 19:28:37 INFO  SignIn:63 - enterign password to password text box
2018-04-13 19:28:37 INFO  SignIn:56 - clicking on sign in button
2018-04-13 19:28:44 INFO  SignIn:39 - clicking on your Location Drop Down
2018-04-13 19:28:44 INFO  SignIn:48 - clicking on your hotelname Drop Down
2018-04-13 19:28:44 INFO  SignIn:57 - clicking on your roomtype Drop Down
2018-04-13 19:28:44 INFO  SignIn:66 - clicking on your roomCount Drop Down
2018-04-13 19:28:45 INFO  SignIn:75 - clicking on your adultCount Drop Down
2018-04-13 19:28:45 INFO  SignIn:84 - clicking on your children Drop Down
2018-04-13 19:28:45 INFO  SignIn:93 - clicking on your Search Button
2018-04-13 19:28:47 INFO  SignIn:31 - selecting the first Radiobutton
2018-04-13 19:28:47 INFO  SignIn:42 - selecting the Continue Button
2018-04-13 19:59:37 INFO  SignIn:49 - entering email addredd to all ready registered user text box
2018-04-13 19:59:37 INFO  SignIn:63 - enterign password to password text box
2018-04-13 19:59:37 INFO  SignIn:56 - clicking on sign in button
2018-04-13 19:59:45 INFO  SignIn:39 - clicking on your Location Drop Down
2018-04-13 19:59:45 INFO  SignIn:48 - clicking on your hotelname Drop Down
2018-04-13 19:59:45 INFO  SignIn:57 - clicking on your roomtype Drop Down
2018-04-13 19:59:45 INFO  SignIn:66 - clicking on your roomCount Drop Down
2018-04-13 19:59:45 INFO  SignIn:75 - clicking on your adultCount Drop Down
2018-04-13 19:59:45 INFO  SignIn:84 - clicking on your children Drop Down
2018-04-13 19:59:46 INFO  SignIn:93 - clicking on your Search Button
2018-04-13 19:59:47 INFO  SignIn:31 - selecting the first Radiobutton
2018-04-13 19:59:48 INFO  SignIn:42 - selecting the Continue Button
2018-04-13 19:59:57 INFO  SignIn:40 - entering the First Name
2018-04-13 19:59:58 INFO  SignIn:46 - entering the Last Name
2018-04-13 19:59:58 INFO  SignIn:46 - entering the Last Name
2018-04-13 19:59:58 INFO  SignIn:58 - entering the CC Number
2018-04-13 19:59:58 INFO  SignIn:64 - clicking on your CCType Drop Down
2018-04-13 19:59:58 INFO  SignIn:70 - clicking on your CCType Drop Down
2018-04-13 19:59:58 INFO  SignIn:76 - clicking on your CCType Drop Down
2018-04-13 20:02:17 INFO  SignIn:49 - entering email addredd to all ready registered user text box
2018-04-13 20:02:17 INFO  SignIn:63 - enterign password to password text box
2018-04-13 20:02:17 INFO  SignIn:56 - clicking on sign in button
2018-04-13 20:02:25 INFO  SignIn:39 - clicking on your Location Drop Down
2018-04-13 20:02:25 INFO  SignIn:48 - clicking on your hotelname Drop Down
2018-04-13 20:02:25 INFO  SignIn:57 - clicking on your roomtype Drop Down
2018-04-13 20:02:25 INFO  SignIn:66 - clicking on your roomCount Drop Down
2018-04-13 20:02:25 INFO  SignIn:75 - clicking on your adultCount Drop Down
2018-04-13 20:02:26 INFO  SignIn:84 - clicking on your children Drop Down
2018-04-13 20:02:26 INFO  SignIn:93 - clicking on your Search Button
2018-04-13 20:02:29 INFO  SignIn:31 - selecting the first Radiobutton
2018-04-13 20:02:29 INFO  SignIn:42 - selecting the Continue Button
2018-04-13 20:02:38 INFO  SignIn:40 - entering the First Name
2018-04-13 20:02:38 INFO  SignIn:46 - entering the Last Name
2018-04-13 20:02:38 INFO  SignIn:46 - entering the Last Name
2018-04-13 20:02:38 INFO  SignIn:58 - entering the CC Number
2018-04-13 20:02:39 INFO  SignIn:64 - clicking on your CCType Drop Down
2018-04-13 20:02:39 INFO  SignIn:70 - clicking on your CCType Drop Down
2018-04-13 20:02:39 INFO  SignIn:76 - clicking on your CCType Drop Down
2018-04-13 20:05:58 INFO  SignIn:49 - entering email addredd to all ready registered user text box
2018-04-13 20:05:58 INFO  SignIn:63 - enterign password to password text box
2018-04-13 20:05:58 INFO  SignIn:56 - clicking on sign in button
2018-04-13 20:06:08 INFO  SignIn:39 - clicking on your Location Drop Down
2018-04-13 20:06:08 INFO  SignIn:48 - clicking on your hotelname Drop Down
2018-04-13 20:06:08 INFO  SignIn:57 - clicking on your roomtype Drop Down
2018-04-13 20:06:08 INFO  SignIn:66 - clicking on your roomCount Drop Down
2018-04-13 20:06:08 INFO  SignIn:75 - clicking on your adultCount Drop Down
2018-04-13 20:06:08 INFO  SignIn:84 - clicking on your children Drop Down
2018-04-13 20:06:09 INFO  SignIn:93 - clicking on your Search Button
2018-04-13 20:06:12 INFO  SignIn:31 - selecting the first Radiobutton
2018-04-13 20:06:12 INFO  SignIn:42 - selecting the Continue Button
2018-04-13 20:06:18 INFO  SignIn:40 - entering the First Name
2018-04-13 20:06:18 INFO  SignIn:46 - entering the Last Name
2018-04-13 20:06:18 INFO  SignIn:52 - entering the Billing Address
2018-04-13 20:06:18 INFO  SignIn:58 - entering the CC Number
2018-04-13 20:06:18 INFO  SignIn:64 - clicking on your CCType Drop Down
2018-04-13 20:06:18 INFO  SignIn:70 - clicking on your Month Drop Down
2018-04-13 20:06:19 INFO  SignIn:76 - clicking on your Year Drop Down
2018-04-13 20:07:29 INFO  SignIn:49 - entering email addredd to all ready registered user text box
2018-04-13 20:07:29 INFO  SignIn:63 - enterign password to password text box
2018-04-13 20:07:29 INFO  SignIn:56 - clicking on sign in button
2018-04-13 20:07:36 INFO  SignIn:39 - clicking on your Location Drop Down
2018-04-13 20:07:36 INFO  SignIn:48 - clicking on your hotelname Drop Down
2018-04-13 20:07:36 INFO  SignIn:57 - clicking on your roomtype Drop Down
2018-04-13 20:07:36 INFO  SignIn:66 - clicking on your roomCount Drop Down
2018-04-13 20:07:37 INFO  SignIn:75 - clicking on your adultCount Drop Down
2018-04-13 20:07:37 INFO  SignIn:84 - clicking on your children Drop Down
2018-04-13 20:07:37 INFO  SignIn:93 - clicking on your Search Button
2018-04-13 20:07:39 INFO  SignIn:31 - selecting the first Radiobutton
2018-04-13 20:07:39 INFO  SignIn:42 - selecting the Continue Button
2018-04-13 20:07:44 INFO  SignIn:40 - entering the First Name
2018-04-13 20:07:44 INFO  SignIn:46 - entering the Last Name
2018-04-13 20:07:44 INFO  SignIn:52 - entering the Billing Address
2018-04-13 20:07:44 INFO  SignIn:58 - entering the CC Number
2018-04-13 20:07:45 INFO  SignIn:64 - clicking on your CCType Drop Down
2018-04-13 20:07:45 INFO  SignIn:70 - clicking on your Month Drop Down
2018-04-13 20:07:45 INFO  SignIn:76 - clicking on your Year Drop Down
2018-04-13 20:07:45 INFO  SignIn:83 - entering on your CVVNumber
2018-04-13 20:07:45 INFO  SignIn:89 - clicking Book Now Button
